0 info it worked if it ends with ok
1 verbose cli [ '/usr/local/bin/node',
1 verbose cli   '/usr/local/bin/npm',
1 verbose cli   'install',
1 verbose cli   'webpack',
1 verbose cli   '-g' ]
2 info using npm@2.15.9
3 info using node@v4.6.0
4 verbose install initial load of /usr/local/lib/package.json
5 verbose readDependencies loading dependencies from /usr/local/lib/package.json
6 silly cache add args [ 'webpack', null ]
7 verbose cache add spec webpack
8 silly cache add parsed spec Result {
8 silly cache add   raw: 'webpack',
8 silly cache add   scope: null,
8 silly cache add   name: 'webpack',
8 silly cache add   rawSpec: '',
8 silly cache add   spec: 'latest',
8 silly cache add   type: 'tag' }
9 silly addNamed webpack@latest
10 verbose addNamed "latest" is being treated as a dist-tag for webpack
11 info addNameTag [ 'webpack', 'latest' ]
12 silly mapToRegistry name webpack
13 silly mapToRegistry using default registry
14 silly mapToRegistry registry https://registry.npmjs.org/
15 silly mapToRegistry data Result {
15 silly mapToRegistry   raw: 'webpack',
15 silly mapToRegistry   scope: null,
15 silly mapToRegistry   name: 'webpack',
15 silly mapToRegistry   rawSpec: '',
15 silly mapToRegistry   spec: 'latest',
15 silly mapToRegistry   type: 'tag' }
16 silly mapToRegistry uri https://registry.npmjs.org/webpack
17 verbose addNameTag registry:https://registry.npmjs.org/webpack not in flight; fetching
18 verbose request uri https://registry.npmjs.org/webpack
19 verbose request no auth needed
20 info attempt registry request try #1 at 2:05:33 PM
21 verbose request id c5da9f561ecb5dc8
22 verbose etag W/"588b2679-dd075"
23 verbose lastModified Fri, 27 Jan 2017 10:52:41 GMT
24 http request GET https://registry.npmjs.org/webpack
25 http 200 https://registry.npmjs.org/webpack
26 verbose headers { server: 'nginx/1.10.1',
26 verbose headers   'content-type': 'application/json',
26 verbose headers   'last-modified': 'Mon, 30 Jan 2017 11:26:28 GMT',
26 verbose headers   etag: 'W/"588f22e4-dd083"',
26 verbose headers   'content-encoding': 'gzip',
26 verbose headers   'cache-control': 'max-age=300',
26 verbose headers   'content-length': '46495',
26 verbose headers   'accept-ranges': 'bytes',
26 verbose headers   date: 'Mon, 30 Jan 2017 13:05:34 GMT',
26 verbose headers   via: '1.1 varnish',
26 verbose headers   age: '114',
26 verbose headers   connection: 'keep-alive',
26 verbose headers   'x-served-by': 'cache-cdg8720-CDG',
26 verbose headers   'x-cache': 'HIT',
26 verbose headers   'x-cache-hits': '3',
26 verbose headers   'x-timer': 'S1485781534.216099,VS0,VE0',
26 verbose headers   vary: 'Accept-Encoding' }
27 silly get cb [ 200,
27 silly get   { server: 'nginx/1.10.1',
27 silly get     'content-type': 'application/json',
27 silly get     'last-modified': 'Mon, 30 Jan 2017 11:26:28 GMT',
27 silly get     etag: 'W/"588f22e4-dd083"',
27 silly get     'content-encoding': 'gzip',
27 silly get     'cache-control': 'max-age=300',
27 silly get     'content-length': '46495',
27 silly get     'accept-ranges': 'bytes',
27 silly get     date: 'Mon, 30 Jan 2017 13:05:34 GMT',
27 silly get     via: '1.1 varnish',
27 silly get     age: '114',
27 silly get     connection: 'keep-alive',
27 silly get     'x-served-by': 'cache-cdg8720-CDG',
27 silly get     'x-cache': 'HIT',
27 silly get     'x-cache-hits': '3',
27 silly get     'x-timer': 'S1485781534.216099,VS0,VE0',
27 silly get     vary: 'Accept-Encoding' } ]
28 verbose get saving webpack to /Users/admin/.npm/registry.npmjs.org/webpack/.cache.json
29 verbose correctMkdir /Users/admin/.npm correctMkdir not in flight; initializing
30 silly addNameTag next cb for webpack with tag latest
31 silly addNamed webpack@1.14.0
32 verbose addNamed "1.14.0" is a plain semver version for webpack
33 silly cache afterAdd webpack@1.14.0
34 verbose afterAdd /Users/admin/.npm/webpack/1.14.0/package/package.json not in flight; writing
35 verbose correctMkdir /Users/admin/.npm correctMkdir not in flight; initializing
36 verbose afterAdd /Users/admin/.npm/webpack/1.14.0/package/package.json written
37 silly install resolved [ { name: 'webpack',
37 silly install resolved     version: '1.14.0',
37 silly install resolved     author: { name: 'Tobias Koppers @sokra' },
37 silly install resolved     description: 'Packs CommonJs/AMD modules for the browser. Allows to split your codebase into multiple bundles, which can be loaded on demand. Support loaders to preprocess files, i.e. json, jade, coffee, css, less, ... and your custom stuff.',
37 silly install resolved     dependencies:
37 silly install resolved      { acorn: '^3.0.0',
37 silly install resolved        async: '^1.3.0',
37 silly install resolved        clone: '^1.0.2',
37 silly install resolved        'enhanced-resolve': '~0.9.0',
37 silly install resolved        interpret: '^0.6.4',
37 silly install resolved        'loader-utils': '^0.2.11',
37 silly install resolved        'memory-fs': '~0.3.0',
37 silly install resolved        mkdirp: '~0.5.0',
37 silly install resolved        'node-libs-browser': '^0.7.0',
37 silly install resolved        optimist: '~0.6.0',
37 silly install resolved        'supports-color': '^3.1.0',
37 silly install resolved        tapable: '~0.1.8',
37 silly install resolved        'uglify-js': '~2.7.3',
37 silly install resolved        watchpack: '^0.2.1',
37 silly install resolved        'webpack-core': '~0.6.9' },
37 silly install resolved     license: 'MIT',
37 silly install resolved     devDependencies:
37 silly install resolved      { benchmark: '^1.0.0',
37 silly install resolved        'bundle-loader': '~0.5.0',
37 silly install resolved        'codecov.io': '^0.1.2',
37 silly install resolved        'coffee-loader': '~0.7.1',
37 silly install resolved        'coffee-script': '^1.10.0',
37 silly install resolved        'component-webpack-plugin': '~0.2.0',
37 silly install resolved        coveralls: '^2.11.2',
37 silly install resolved        'css-loader': '~0.15.0',
37 silly install resolved        diff: '^2.0.2',
37 silly install resolved        eslint: '^1.1.0',
37 silly install resolved        'eslint-plugin-nodeca': '^1.0.3',
37 silly install resolved        express: '~4.13.1',
37 silly install resolved        'extract-text-webpack-plugin': '~0.8.0',
37 silly install resolved        'file-loader': '~0.8.0',
37 silly install resolved        glob: '^5.0.14',
37 silly install resolved        'i18n-webpack-plugin': '~0.2.0',
37 silly install resolved        istanbul: '^0.3.13',
37 silly install resolved        jade: '^1.11.0',
37 silly install resolved        'jade-loader': '~0.7.0',
37 silly install resolved        'js-beautify': '^1.5.10',
37 silly install resolved        'json-loader': '~0.5.1',
37 silly install resolved        less: '^2.5.1',
37 silly install resolved        'less-loader': '^2.0.0',
37 silly install resolved        mocha: '~2.2.0',
37 silly install resolved        'mocha-lcov-reporter': '0.0.2',
37 silly install resolved        'raw-loader': '~0.5.0',
37 silly install resolved        'script-loader': '~0.6.0',
37 silly install resolved        should: '^7.0.2',
37 silly install resolved        'style-loader': '~0.12.0',
37 silly install resolved        'url-loader': '~0.5.0',
37 silly install resolved        'val-loader': '~0.5.0',
37 silly install resolved        'vm-browserify': '~0.0.0',
37 silly install resolved        'webpack-dev-middleware': '^1.0.0',
37 silly install resolved        'worker-loader': '~0.6.0' },
37 silly install resolved     engines: { node: '>=0.6' },
37 silly install resolved     repository:
37 silly install resolved      { type: 'git',
37 silly install resolved        url: 'git+https://github.com/webpack/webpack.git' },
37 silly install resolved     homepage: 'https://github.com/webpack/webpack',
37 silly install resolved     main: 'lib/webpack.js',
37 silly install resolved     web: 'lib/webpack.web.js',
37 silly install resolved     bin: { webpack: './bin/webpack.js' },
37 silly install resolved     files: [ 'lib/', 'bin/', 'buildin/', 'hot/', 'web_modules/' ],
37 silly install resolved     scripts:
37 silly install resolved      { pretest: 'npm run lint && npm run beautify-lint',
37 silly install resolved        test: 'mocha',
37 silly install resolved        travis: 'npm run cover -- --report lcovonly',
37 silly install resolved        lint: 'eslint lib bin hot scripts',
37 silly install resolved        'beautify-lint': 'node ./scripts/beautify-check',
37 silly install resolved        beautify: 'node ./scripts/beautify-rewrite',
37 silly install resolved        precover: 'npm run lint && npm run beautify-lint',
37 silly install resolved        cover: 'istanbul cover -x **/*.runtime.js node_modules/mocha/bin/_mocha',
37 silly install resolved        'publish-patch': 'npm run lint && npm run beautify-lint && mocha && npm version patch && git push && git push --tags && npm publish' },
37 silly install resolved     gitHead: 'e666686d9029753c243db5880de44aba57151d76',
37 silly install resolved     bugs: { url: 'https://github.com/webpack/webpack/issues' },
37 silly install resolved     _id: 'webpack@1.14.0',
37 silly install resolved     _shasum: '54f1ffb92051a328a5b2057d6ae33c289462c823',
37 silly install resolved     _from: 'webpack@latest',
37 silly install resolved     _npmVersion: '3.10.8',
37 silly install resolved     _nodeVersion: '6.9.1',
37 silly install resolved     _npmUser: { name: 'sokra', email: 'tobias.koppers@googlemail.com' },
37 silly install resolved     dist:
37 silly install resolved      { shasum: '54f1ffb92051a328a5b2057d6ae33c289462c823',
37 silly install resolved        tarball: 'https://registry.npmjs.org/webpack/-/webpack-1.14.0.tgz' },
37 silly install resolved     maintainers: [ [Object], [Object], [Object] ],
37 silly install resolved     _npmOperationalInternal:
37 silly install resolved      { host: 'packages-12-west.internal.npmjs.com',
37 silly install resolved        tmp: 'tmp/webpack-1.14.0.tgz_1481098020552_0.20364108635112643' },
37 silly install resolved     directories: {},
37 silly install resolved     _resolved: 'https://registry.npmjs.org/webpack/-/webpack-1.14.0.tgz',
37 silly install resolved     readme: 'ERROR: No README data found!' } ]
38 info install webpack@1.14.0 into /usr/local/lib
39 info installOne webpack@1.14.0
40 verbose installOne of webpack to /usr/local/lib not in flight; installing
41 verbose correctMkdir /Users/admin/.npm/_locks correctMkdir not in flight; initializing
42 verbose lock using /Users/admin/.npm/_locks/webpack-865c90cad072eb35.lock for /usr/local/lib/node_modules/webpack
43 silly install write writing webpack 1.14.0 to /usr/local/lib/node_modules/webpack
44 verbose unbuild lib/node_modules/webpack
45 info preuninstall webpack@1.13.3
46 info uninstall webpack@1.13.3
47 verbose unbuild rmStuff webpack@1.13.3 from /usr/local/lib/node_modules
48 silly gentlyRm /usr/local/bin/webpack is being gently removed
49 silly gentlyRm verifying /usr/local is an npm working directory
50 silly gentlyRm containing path /usr/local is under npm's control, in /usr/local
51 silly gentlyRm deletion target /usr/local/bin/webpack is under /usr/local
52 verbose gentlyRm vacuuming from /usr/local/bin/webpack up to /usr/local
53 silly vacuum-fs removing /usr/local/bin/webpack
54 silly vacuum-fs quitting because other entries in /usr/local/bin
55 info postuninstall webpack@1.13.3
56 silly gentlyRm /usr/local/lib/node_modules/webpack is being purged from base /usr/local
57 verbose gentlyRm don't care about contents; nuking /usr/local/lib/node_modules/webpack
58 silly vacuum-fs purging /usr/local/lib/node_modules/webpack
59 verbose unlock done using /Users/admin/.npm/_locks/webpack-865c90cad072eb35.lock for /usr/local/lib/node_modules/webpack
60 verbose stack Error: EACCES: permission denied, rmdir '/usr/local/lib/node_modules/webpack'
60 verbose stack     at Error (native)
61 verbose cwd /Users/admin/WebstormProjects/webSiteIWA
62 error Darwin 16.3.0
63 error argv "/usr/local/bin/node" "/usr/local/bin/npm" "install" "webpack" "-g"
64 error node v4.6.0
65 error npm  v2.15.9
66 error path /usr/local/lib/node_modules/webpack
67 error code EACCES
68 error errno -13
69 error syscall rmdir
70 error Error: EACCES: permission denied, rmdir '/usr/local/lib/node_modules/webpack'
70 error     at Error (native)
70 error  { [Error: EACCES: permission denied, rmdir '/usr/local/lib/node_modules/webpack']
70 error   errno: -13,
70 error   code: 'EACCES',
70 error   syscall: 'rmdir',
70 error   path: '/usr/local/lib/node_modules/webpack' }
71 error Please try running this command again as root/Administrator.
72 verbose exit [ -13, true ]
73 verbose unbuild lib/node_modules/webpack
74 info preuninstall webpack@1.13.3
75 info uninstall webpack@1.13.3
76 verbose unbuild rmStuff webpack@1.13.3 from /usr/local/lib/node_modules
77 silly gentlyRm /usr/local/bin/webpack is being gently removed
78 silly gentlyRm verifying /usr/local is an npm working directory
79 silly gentlyRm containing path /usr/local is under npm's control, in /usr/local
80 silly gentlyRm deletion target /usr/local/bin/webpack is under /usr/local
81 verbose gentlyRm vacuuming from /usr/local/bin/webpack up to /usr/local
82 info postuninstall webpack@1.13.3
83 silly gentlyRm /usr/local/lib/node_modules/webpack is being purged from base /usr/local
84 verbose gentlyRm don't care about contents; nuking /usr/local/lib/node_modules/webpack
85 silly vacuum-fs purging /usr/local/lib/node_modules/webpack
86 error error rolling back Error: EACCES: permission denied, rmdir '/usr/local/lib/node_modules/webpack'
86 error error rolling back     at Error (native)
86 error error rolling back  { [Error: EACCES: permission denied, rmdir '/usr/local/lib/node_modules/webpack']
86 error error rolling back   errno: -13,
86 error error rolling back   code: 'EACCES',
86 error error rolling back   syscall: 'rmdir',
86 error error rolling back   path: '/usr/local/lib/node_modules/webpack' }
